2021-11-14T08:20:32.375Z [myBiolerPlate] [32minfo[39m:info login control is working
2021-11-14T08:20:39.409Z [myBiolerPlate] [32minfo[39m:Connected database
2021-11-14T08:20:40.772Z [myBiolerPlate] [32minfo[39m:the authentication is working
2021-11-14T08:25:50.866Z [myBiolerPlate] [32minfo[39m:info login control is working
2021-11-14T08:25:56.097Z [myBiolerPlate] [32minfo[39m:Connected database
2021-11-14T08:25:57.557Z [myBiolerPlate] [32minfo[39m:the authentication is working
2021-11-14T08:46:22.305Z [myBiolerPlate] [32minfo[39m:info login control is working
2021-11-14T08:46:32.877Z [myBiolerPlate] [32minfo[39m:Connected database
2021-11-14T08:46:34.257Z [myBiolerPlate] [32minfo[39m:the authentication is working
2021-11-14T08:59:59.529Z [myBiolerPlate] [32minfo[39m:info login control is working
2021-11-14T09:00:10.720Z [myBiolerPlate] [32minfo[39m:Connected database
2021-11-14T09:00:12.125Z [myBiolerPlate] [32minfo[39m:the authentication is working
2021-11-14T09:12:26.177Z [myBiolerPlate] [32minfo[39m:info login control is working
2021-11-14T09:12:34.080Z [myBiolerPlate] [32minfo[39m:Connected database
2021-11-14T09:12:35.522Z [myBiolerPlate] [32minfo[39m:the authentication is working
2021-11-14T09:32:46.991Z [myBiolerPlate] [32minfo[39m:info login control is working
2021-11-14T09:33:00.439Z [myBiolerPlate] [32minfo[39m:Connected database
2021-11-14T09:33:02.479Z [myBiolerPlate] [32minfo[39m:the authentication is working
2021-11-14T09:47:35.454Z [myBiolerPlate] [32minfo[39m:info login control is working
2021-11-14T09:47:58.397Z [myBiolerPlate] [31merror[39m:ORA-12170: TNS:Connect timeout occurred
2021-11-14T09:47:58.442Z [myBiolerPlate] [32minfo[39m:the authentication is working
2021-11-14T09:47:58.490Z [myBiolerPlate] [32minfo[39m:Email or Password does not exist
2021-11-14T09:49:14.111Z [myBiolerPlate] [32minfo[39m:info login control is working
2021-11-14T09:49:18.536Z [myBiolerPlate] [32minfo[39m:Connected database
2021-11-14T09:49:19.936Z [myBiolerPlate] [32minfo[39m:the authentication is working
2021-11-14T09:49:33.182Z [myBiolerPlate] [32minfo[39m:Connected database
2021-11-14T09:49:34.740Z [myBiolerPlate] [32minfo[39m:All users controller is working
2021-11-14T09:49:37.711Z [myBiolerPlate] [32minfo[39m:Connected database
2021-11-14T09:52:14.523Z [myBiolerPlate] [32minfo[39m:Connected database
2021-11-14T09:52:15.840Z [myBiolerPlate] [32minfo[39m:getUserById controller is working
2021-11-14T09:52:19.176Z [myBiolerPlate] [32minfo[39m:Connected database
2021-11-14T10:42:14.834Z [myBiolerPlate] [32minfo[39m:info login control is working
2021-11-14T10:42:18.154Z [myBiolerPlate] [32minfo[39m:Connected database
2021-11-14T10:42:19.197Z [myBiolerPlate] [32minfo[39m:the authentication is working
2021-11-14T10:42:33.751Z [myBiolerPlate] [32minfo[39m:Connected database
2021-11-14T10:42:35.097Z [myBiolerPlate] [32minfo[39m:getUserById controller is working
2021-11-14T10:42:37.798Z [myBiolerPlate] [32minfo[39m:Connected database
2021-11-14T10:44:40.460Z [myBiolerPlate] [32minfo[39m:Connected database
2021-11-14T10:44:42.251Z [myBiolerPlate] [32minfo[39m:All users controller is working
2021-11-14T10:44:47.298Z [myBiolerPlate] [32minfo[39m:Connected database
2021-11-14T10:45:45.169Z [myBiolerPlate] [32minfo[39m:Connected database
2021-11-14T10:45:49.351Z [myBiolerPlate] [32minfo[39m:getUserById controller is working
2021-11-14T10:46:11.437Z [myBiolerPlate] [32minfo[39m:Connected database
2021-11-14T10:58:40.656Z [myBiolerPlate] [32minfo[39m:info login control is working
2021-11-14T10:59:04.708Z [myBiolerPlate] [32minfo[39m:Connected database
2021-11-14T10:59:10.097Z [myBiolerPlate] [32minfo[39m:the authentication is working
2021-11-14T11:00:19.984Z [myBiolerPlate] [32minfo[39m:Connected database
2021-11-14T11:00:27.057Z [myBiolerPlate] [32minfo[39m:getUserById controller is working
2021-11-14T11:00:38.924Z [myBiolerPlate] [32minfo[39m:Connected database
2021-11-14T11:17:40.158Z [myBiolerPlate] [32minfo[39m:Connected database
2021-11-14T11:17:42.342Z [myBiolerPlate] [32minfo[39m:getUserById controller is working
2021-11-14T11:17:53.097Z [myBiolerPlate] [32minfo[39m:Connected database
2021-11-14T11:22:25.041Z [myBiolerPlate] [32minfo[39m:info login control is working
2021-11-14T11:22:30.132Z [myBiolerPlate] [32minfo[39m:Connected database
2021-11-14T11:22:31.899Z [myBiolerPlate] [32minfo[39m:the authentication is working
2021-11-14T11:22:51.860Z [myBiolerPlate] [32minfo[39m:Connected database
2021-11-14T11:22:54.779Z [myBiolerPlate] [32minfo[39m:Calling Delete user
2021-11-14T11:22:58.955Z [myBiolerPlate] [32minfo[39m:Connected database
2021-11-14T11:23:00.533Z [myBiolerPlate] [31merror[39m:The user does not exist
2021-11-14T11:25:04.128Z [myBiolerPlate] [32minfo[39m:Connected database
2021-11-14T11:25:05.629Z [myBiolerPlate] [32minfo[39m:Calling Delete user
2021-11-14T11:25:08.072Z [myBiolerPlate] [32minfo[39m:Connected database
2021-11-14T11:25:09.128Z [myBiolerPlate] [31merror[39m:The user does not exist
2021-11-14T11:25:19.864Z [myBiolerPlate] [32minfo[39m:Connected database
2021-11-14T11:25:21.206Z [myBiolerPlate] [32minfo[39m:Calling Delete user
2021-11-14T11:25:25.527Z [myBiolerPlate] [32minfo[39m:Connected database
2021-11-14T11:25:26.800Z [myBiolerPlate] [31merror[39m:The user does not exist
2021-11-14T11:26:06.890Z [myBiolerPlate] [32minfo[39m:Connected database
2021-11-14T11:26:08.420Z [myBiolerPlate] [32minfo[39m:All users controller is working
2021-11-14T11:26:17.815Z [myBiolerPlate] [32minfo[39m:Connected database
2021-11-14T11:40:15.097Z [myBiolerPlate] [32minfo[39m:info login control is working
2021-11-14T11:41:11.822Z [myBiolerPlate] [32minfo[39m:Connected database
2021-11-14T11:41:14.368Z [myBiolerPlate] [32minfo[39m:the authentication is working
2021-11-14T11:42:38.321Z [myBiolerPlate] [31merror[39m:ORA-03135: connection lost contact
Process ID: 0
Session ID: 0 Serial number: 0
2021-11-14T11:43:44.930Z [myBiolerPlate] [31merror[39m:ORA-12170: TNS:Connect timeout occurred
2021-11-14T11:46:59.402Z [myBiolerPlate] [32minfo[39m:Connected database
2021-11-14T11:47:01.446Z [myBiolerPlate] [32minfo[39m:calling create user
2021-11-14T11:47:04.485Z [myBiolerPlate] [32minfo[39m:Connected database
2021-11-14T11:47:05.596Z [myBiolerPlate] [32minfo[39m:create user
2021-11-14T11:47:08.182Z [myBiolerPlate] [32minfo[39m:Connected database
2021-11-14T11:47:10.311Z [myBiolerPlate] [32minfo[39m:User Created
2021-11-14T11:47:29.042Z [myBiolerPlate] [32minfo[39m:Connected database
2021-11-14T11:47:30.499Z [myBiolerPlate] [32minfo[39m:All users controller is working
2021-11-14T11:47:33.511Z [myBiolerPlate] [32minfo[39m:Connected database
2021-11-14T13:26:37.001Z [myBiolerPlate] [32minfo[39m:info login control is working
2021-11-14T13:26:42.041Z [myBiolerPlate] [32minfo[39m:Connected database
2021-11-14T13:26:43.178Z [myBiolerPlate] [32minfo[39m:the authentication is working
2021-11-14T13:27:04.838Z [myBiolerPlate] [32minfo[39m:Connected database
2021-11-14T13:27:06.287Z [myBiolerPlate] [32minfo[39m:calling create user
2021-11-14T13:27:08.766Z [myBiolerPlate] [32minfo[39m:Connected database
2021-11-14T13:27:09.914Z [myBiolerPlate] [32minfo[39m:create user
2021-11-14T13:27:14.591Z [myBiolerPlate] [32minfo[39m:Connected database
2021-11-14T13:27:16.421Z [myBiolerPlate] [32minfo[39m:User Created
2021-11-14T13:27:49.288Z [myBiolerPlate] [32minfo[39m:Connected database
2021-11-14T13:27:50.534Z [myBiolerPlate] [32minfo[39m:All users controller is working
2021-11-14T13:27:53.423Z [myBiolerPlate] [32minfo[39m:Connected database
2021-11-14T13:28:57.620Z [myBiolerPlate] [32minfo[39m:Connected database
2021-11-14T13:28:59.132Z [myBiolerPlate] [32minfo[39m:getUserById controller is working
2021-11-14T13:29:01.920Z [myBiolerPlate] [32minfo[39m:Connected database
2021-11-14T13:31:11.241Z [myBiolerPlate] [32minfo[39m:Connected database
2021-11-14T13:31:12.630Z [myBiolerPlate] [32minfo[39m:getUserById controller is working
2021-11-14T13:31:14.966Z [myBiolerPlate] [32minfo[39m:Connected database
2021-11-14T13:55:29.466Z [myBiolerPlate] [32minfo[39m:info login control is working
2021-11-14T13:55:36.534Z [myBiolerPlate] [32minfo[39m:Connected database
2021-11-14T13:55:37.611Z [myBiolerPlate] [32minfo[39m:the authentication is working
2021-11-14T13:56:04.321Z [myBiolerPlate] [32minfo[39m:Connected database
2021-11-14T13:56:05.737Z [myBiolerPlate] [32minfo[39m:getUserById controller is working
2021-11-14T13:56:08.069Z [myBiolerPlate] [32minfo[39m:Connected database
2021-11-14T14:38:05.182Z [myBiolerPlate] [32minfo[39m:info login control is working
2021-11-14T14:38:12.651Z [myBiolerPlate] [32minfo[39m:Connected database
2021-11-14T14:38:13.954Z [myBiolerPlate] [32minfo[39m:the authentication is working
2021-11-14T14:38:44.715Z [myBiolerPlate] [32minfo[39m:Connected database
2021-11-14T14:38:51.508Z [myBiolerPlate] [32minfo[39m:All users controller is working
2021-11-14T14:38:57.910Z [myBiolerPlate] [32minfo[39m:Connected database
2021-11-14T14:39:59.718Z [myBiolerPlate] [32minfo[39m:Connected database
2021-11-14T14:40:01.248Z [myBiolerPlate] [32minfo[39m:getUserById controller is working
2021-11-14T14:40:04.997Z [myBiolerPlate] [32minfo[39m:Connected database
2021-11-14T15:45:51.333Z [myBiolerPlate] [32minfo[39m:info login control is working
2021-11-14T15:46:03.701Z [myBiolerPlate] [32minfo[39m:Connected database
2021-11-14T15:46:05.390Z [myBiolerPlate] [32minfo[39m:the authentication is working
2021-11-14T15:47:07.516Z [myBiolerPlate] [32minfo[39m:Connected database
2021-11-14T15:47:10.067Z [myBiolerPlate] [32minfo[39m:getUserById controller is working
2021-11-14T15:47:13.192Z [myBiolerPlate] [32minfo[39m:Connected database
2021-11-14T15:50:47.194Z [myBiolerPlate] [32minfo[39m:Connected database
2021-11-14T15:50:49.305Z [myBiolerPlate] [32minfo[39m:getUserById controller is working
2021-11-14T15:50:51.870Z [myBiolerPlate] [32minfo[39m:Connected database
2021-11-14T15:50:52.982Z [myBiolerPlate] [32minfo[39m:The user exists
2021-11-14T15:50:55.480Z [myBiolerPlate] [32minfo[39m:Connected database
2021-11-14T15:51:26.968Z [myBiolerPlate] [32minfo[39m:Connected database
2021-11-14T15:51:28.731Z [myBiolerPlate] [32minfo[39m:calling create user
2021-11-14T15:51:31.427Z [myBiolerPlate] [32minfo[39m:Connected database
2021-11-14T15:51:32.781Z [myBiolerPlate] [31merror[39m:User already exist
2021-11-14T15:52:10.127Z [myBiolerPlate] [32minfo[39m:Connected database
2021-11-14T15:52:11.594Z [myBiolerPlate] [32minfo[39m:All users controller is working
2021-11-14T15:52:14.181Z [myBiolerPlate] [32minfo[39m:Connected database
2021-11-14T15:53:09.332Z [myBiolerPlate] [32minfo[39m:Connected database
2021-11-14T15:53:10.782Z [myBiolerPlate] [32minfo[39m:Calling Delete user
2021-11-14T15:53:13.421Z [myBiolerPlate] [32minfo[39m:Connected database
2021-11-14T15:53:14.447Z [myBiolerPlate] [32minfo[39m:delete user
2021-11-14T15:53:16.803Z [myBiolerPlate] [32minfo[39m:Connected database
2021-11-14T15:53:18.097Z [myBiolerPlate] [32minfo[39m:User is deleted
2021-11-14T15:53:38.906Z [myBiolerPlate] [32minfo[39m:Connected database
2021-11-14T15:53:40.263Z [myBiolerPlate] [32minfo[39m:All users controller is working
2021-11-14T15:53:42.919Z [myBiolerPlate] [32minfo[39m:Connected database
2021-11-14T19:40:57.892Z [myBiolerPlate] [32minfo[39m:info login control is working
2021-11-14T19:41:10.405Z [myBiolerPlate] [32minfo[39m:Connected database
2021-11-14T19:41:13.162Z [myBiolerPlate] [32minfo[39m:the authentication is working
2021-11-14T19:41:45.799Z [myBiolerPlate] [32minfo[39m:Connected database
2021-11-14T19:41:47.753Z [myBiolerPlate] [32minfo[39m:All users controller is working
2021-11-14T19:41:56.577Z [myBiolerPlate] [32minfo[39m:Connected database
2021-11-14T19:43:01.461Z [myBiolerPlate] [32minfo[39m:Connected database
2021-11-14T19:43:05.392Z [myBiolerPlate] [32minfo[39m:getUserById controller is working
2021-11-14T19:43:14.398Z [myBiolerPlate] [32minfo[39m:Connected database
2021-11-14T19:43:17.923Z [myBiolerPlate] [32minfo[39m:The user exists
2021-11-14T19:43:24.606Z [myBiolerPlate] [32minfo[39m:Connected database
2021-11-14T19:52:17.694Z [myBiolerPlate] [32minfo[39m:info login control is working
2021-11-14T19:52:23.672Z [myBiolerPlate] [32minfo[39m:Connected database
2021-11-14T19:52:25.088Z [myBiolerPlate] [32minfo[39m:the authentication is working
2021-11-14T19:53:23.714Z [myBiolerPlate] [32minfo[39m:Connected database
2021-11-14T19:53:33.420Z [myBiolerPlate] [32minfo[39m:All users controller is working
2021-11-14T19:53:42.038Z [myBiolerPlate] [32minfo[39m:Connected database
2021-11-14T19:58:33.472Z [myBiolerPlate] [32minfo[39m:Connected database
2021-11-14T19:58:44.508Z [myBiolerPlate] [32minfo[39m:All users controller is working
2021-11-14T19:58:47.703Z [myBiolerPlate] [32minfo[39m:Connected database
2021-11-14T20:08:43.479Z [myBiolerPlate] [32minfo[39m:info login control is working
2021-11-14T20:08:52.784Z [myBiolerPlate] [32minfo[39m:Connected database
2021-11-14T20:09:05.921Z [myBiolerPlate] [32minfo[39m:the authentication is working
2021-11-14T20:09:24.112Z [myBiolerPlate] [32minfo[39m:Connected database
2021-11-14T20:10:45.106Z [myBiolerPlate] [32minfo[39m:Connected database
2021-11-14T20:29:02.101Z [myBiolerPlate] [32minfo[39m:info login control is working
2021-11-14T20:29:09.578Z [myBiolerPlate] [32minfo[39m:Connected database
2021-11-14T20:29:13.278Z [myBiolerPlate] [32minfo[39m:the authentication is working
2021-11-14T20:29:31.886Z [myBiolerPlate] [32minfo[39m:Connected database
2021-11-14T20:30:52.030Z [myBiolerPlate] [32minfo[39m:info login control is working
2021-11-14T20:30:54.643Z [myBiolerPlate] [32minfo[39m:Connected database
2021-11-14T20:30:58.414Z [myBiolerPlate] [32minfo[39m:the authentication is working
2021-11-14T20:31:14.769Z [myBiolerPlate] [32minfo[39m:Connected database
2021-11-14T20:31:36.561Z [myBiolerPlate] [32minfo[39m:Connected database
2021-11-14T20:51:42.715Z [myBiolerPlate] [32minfo[39m:info login control is working
2021-11-14T20:51:53.013Z [myBiolerPlate] [32minfo[39m:Connected database
2021-11-14T20:51:56.369Z [myBiolerPlate] [32minfo[39m:the authentication is working
2021-11-14T20:52:26.241Z [myBiolerPlate] [32minfo[39m:Connected database
2021-11-14T20:52:28.733Z [myBiolerPlate] [32minfo[39m:All users controller is working
2021-11-14T20:52:32.868Z [myBiolerPlate] [32minfo[39m:Connected database
2021-11-14T20:53:10.237Z [myBiolerPlate] [32minfo[39m:info login control is working
2021-11-14T20:53:12.778Z [myBiolerPlate] [32minfo[39m:Connected database
2021-11-14T20:53:14.615Z [myBiolerPlate] [32minfo[39m:the authentication is working
2021-11-14T20:53:33.458Z [myBiolerPlate] [32minfo[39m:Connected database
2021-11-14T20:53:51.860Z [myBiolerPlate] [32minfo[39m:Connected database
2021-11-14T20:53:54.329Z [myBiolerPlate] [32minfo[39m:calling create user
2021-11-14T20:53:57.040Z [myBiolerPlate] [32minfo[39m:Connected database
2021-11-14T20:53:58.355Z [myBiolerPlate] [32minfo[39m:create user
2021-11-14T20:54:04.131Z [myBiolerPlate] [32minfo[39m:Connected database
2021-11-14T20:54:05.049Z [myBiolerPlate] [31merror[39m:ORA-01036: illegal variable name/number
2021-11-14T20:54:27.541Z [myBiolerPlate] [32minfo[39m:Connected database
2021-11-14T20:54:29.733Z [myBiolerPlate] [32minfo[39m:calling create user
2021-11-14T20:54:37.649Z [myBiolerPlate] [32minfo[39m:Connected database
2021-11-14T20:54:39.477Z [myBiolerPlate] [32minfo[39m:create user
2021-11-14T20:54:43.252Z [myBiolerPlate] [32minfo[39m:Connected database
2021-11-14T20:54:43.273Z [myBiolerPlate] [31merror[39m:ORA-01036: illegal variable name/number
2021-11-14T20:57:06.111Z [myBiolerPlate] [32minfo[39m:info login control is working
2021-11-14T20:57:11.104Z [myBiolerPlate] [32minfo[39m:Connected database
2021-11-14T20:57:12.588Z [myBiolerPlate] [32minfo[39m:the authentication is working
2021-11-14T20:57:37.693Z [myBiolerPlate] [32minfo[39m:Connected database
2021-11-14T20:57:38.892Z [myBiolerPlate] [32minfo[39m:calling create user
2021-11-14T20:57:43.103Z [myBiolerPlate] [32minfo[39m:Connected database
2021-11-14T20:57:44.477Z [myBiolerPlate] [32minfo[39m:create user
2021-11-14T20:57:47.928Z [myBiolerPlate] [32minfo[39m:Connected database
2021-11-14T20:57:47.994Z [myBiolerPlate] [31merror[39m:ORA-01036: illegal variable name/number
